Release 14.7 Map P.20131013 (nt64)
Xilinx Mapping Report File for Design 'top_LCD'

Design Information
------------------
Command Line   : map -intstyle ise -p xc6slx9-ftg256-2 -w -logic_opt off -ol
high -t 1 -xt 0 -register_duplication off -r 4 -global_opt off -mt off -ir off
-pr off -lc off -power off -o top_LCD_map.ncd top_LCD.ngd top_LCD.pcf 
Target Device  : xc6slx9
Target Package : ftg256
Target Speed   : -2
Mapper Version : spartan6 -- $Revision: 1.55 $
Mapped Date    : Sat Feb 13 23:19:01 2021

Design Summary
--------------
Number of errors:      0
Number of warnings:    0
Slice Logic Utilization:
  Number of Slice Registers:                   336 out of  11,440    2%
    Number used as Flip Flops:                 336
    Number used as Latches:                      0
    Number used as Latch-thrus:                  0
    Number used as AND/OR logics:                0
  Number of Slice LUTs:                        500 out of   5,720    8%
    Number used as logic:                      476 out of   5,720    8%
      Number using O6 output only:             315
      Number using O5 output only:              18
      Number using O5 and O6:                  143
      Number used as ROM:                        0
    Number used as Memory:                       0 out of   1,440    0%
    Number used exclusively as route-thrus:     24
      Number with same-slice register load:     22
      Number with same-slice carry load:         2
      Number with other load:                    0

Slice Logic Distribution:
  Number of occupied Slices:                   178 out of   1,430   12%
  Number of MUXCYs used:                       140 out of   2,860    4%
  Number of LUT Flip Flop pairs used:          531
    Number with an unused Flip Flop:           226 out of     531   42%
    Number with an unused LUT:                  31 out of     531    5%
    Number of fully used LUT-FF pairs:         274 out of     531   51%
    Number of unique control sets:              15
    Number of slice register sites lost
      to control set restrictions:              72 out of  11,440    1%

  A LUT Flip Flop pair for this architecture represents one LUT paired with
  one Flip Flop within a slice.  A control set is a unique combination of
  clock, reset, set, and enable signals for a registered element.
  The Slice Logic Distribution report is not meaningful if the design is
  over-mapped for a non-slice resource or if Placement fails.

IO Utilization:
  Number of bonded IOBs:                        32 out of     186   17%
    Number of LOCed IOBs:                       32 out of      32  100%
    IOB Flip Flops:                              1

Specific Feature Utilization:
  Number of RAMB16BWERs:                         3 out of      32    9%
  Number of RAMB8BWERs:                          0 out of      64    0%
  Number of BUFIO2/BUFIO2_2CLKs:                 1 out of      32    3%
    Number used as BUFIO2s:                      1
    Number used as BUFIO2_2CLKs:                 0
  Number of BUFIO2FB/BUFIO2FB_2CLKs:             1 out of      32    3%
    Number used as BUFIO2FBs:                    1
    Number used as BUFIO2FB_2CLKs:               0
  Number of BUFG/BUFGMUXs:                       4 out of      16   25%
    Number used as BUFGs:                        4
    Number used as BUFGMUX:                      0
  Number of DCM/DCM_CLKGENs:                     1 out of       4   25%
    Number used as DCMs:                         1
    Number used as DCM_CLKGENs:                  0
  Number of ILOGIC2/ISERDES2s:                   0 out of     200    0%
  Number of IODELAY2/IODRP2/IODRP2_MCBs:         0 out of     200    0%
  Number of OLOGIC2/OSERDES2s:                   1 out of     200    1%
    Number used as OLOGIC2s:                     1
    Number used as OSERDES2s:                    0
  Number of BSCANs:                              0 out of       4    0%
  Number of BUFHs:                               0 out of     128    0%
  Number of BUFPLLs:                             0 out of       8    0%
  Number of BUFPLL_MCBs:                         0 out of       4    0%
  Number of DSP48A1s:                            0 out of      16    0%
  Number of ICAPs:                               0 out of       1    0%
  Number of MCBs:                                0 out of       2    0%
  Number of PCILOGICSEs:                         0 out of       2    0%
  Number of PLL_ADVs:                            0 out of       2    0%
  Number of PMVs:                                0 out of       1    0%
  Number of STARTUPs:                            0 out of       1    0%
  Number of SUSPEND_SYNCs:                       0 out of       1    0%

Average Fanout of Non-Clock Nets:                3.77

Peak Memory Usage:  362 MB
Total REAL time to MAP completion:  15 secs 
Total CPU time to MAP completion:   11 secs 

Table of Contents
-----------------
Section 1 - Errors
Section 2 - Warnings
Section 3 - Informational
Section 4 - Removed Logic Summary
Section 5 - Removed Logic
Section 6 - IOB Properties
Section 7 - RPMs
Section 8 - Guide Report
Section 9 - Area Group and Partition Summary
Section 10 - Timing Report
Section 11 - Configuration String Information
Section 12 - Control Set Information
Section 13 - Utilization by Hierarchy

Section 1 - Errors
------------------

Section 2 - Warnings
--------------------

Section 3 - Informational
-------------------------
INFO:LIT:243 - Logical network
   my_build_snake/my_fifo/U0/xst_fifo_generator/gconvfifo.rf/grf.rf/gntv_or_sync
   _fifo.gl0.wr/gwss.wsts/ram_full_i has no load.
INFO:LIT:395 - The above info message is repeated 1 more times for the following
   (max. 5 shown):
   my_build_snake/my_fifo/U0/xst_fifo_generator/gconvfifo.rf/grf.rf/gntv_or_sync
   _fifo.gl0.rd/grss.rsts/ram_empty_i
   To see the details of these info messages, please use the -detail switch.
INFO:MapLib:562 - No environment variables are currently set.
INFO:LIT:244 - All of the single ended outputs in this design are using slew
   rate limited output drivers. The delay on speed critical single ended outputs
   can be dramatically reduced by designating them as fast outputs.
INFO:Pack:1716 - Initializing temperature to 85.000 Celsius. (default - Range:
   0.000 to 85.000 Celsius)
INFO:Pack:1720 - Initializing voltage to 1.140 Volts. (default - Range: 1.140 to
   1.260 Volts)
INFO:Map:215 - The Interim Design Summary has been generated in the MAP Report
   (.mrp).
INFO:Pack:1650 - Map created a placed design.
INFO:PhysDesignRules:1861 - To achieve optimal frequency synthesis performance
   with the CLKFX and CLKFX180 outputs of the DCM comp pll/dcm_sp_inst, consult
   the device Data Sheet.

Section 4 - Removed Logic Summary
---------------------------------
  43 block(s) removed
   5 block(s) optimized away
  43 signal(s) removed

Section 5 - Removed Logic
-------------------------

The trimmed logic report below shows the logic removed from your design due to
sourceless or loadless signals, and VCC or ground connections.  If the removal
of a signal or symbol results in the subsequent removal of an additional signal
or symbol, the message explaining that second removal will be indented.  This
indentation will be repeated as a chain of related logic is removed.

To quickly locate the original cause for the removal of a chain of logic, look
above the place where that logic is listed in the trimming report, then locate
the lines that are least indented (begin at the leftmost edge).

The signal
"my_build_snake/my_fifo/U0/xst_fifo_generator/gconvfifo.rf/grf.rf/gntv_or_sync_f
ifo.gl0.rd/grss.gdc.dc/dc/count<9>" is sourceless and has been removed.
 Sourceless block
"my_build_snake/my_fifo/U0/xst_fifo_generator/gconvfifo.rf/grf.rf/gntv_or_sync_f
ifo.gl0.rd/grss.gdc.dc/dc/Mcount_count_lut<9>" (ROM) removed.
  The signal
"my_build_snake/my_fifo/U0/xst_fifo_generator/gconvfifo.rf/grf.rf/gntv_or_sync_f
ifo.gl0.rd/grss.gdc.dc/dc/Mcount_count_lut<9>" is sourceless and has been
removed.
   Sourceless block
"my_build_snake/my_fifo/U0/xst_fifo_generator/gconvfifo.rf/grf.rf/gntv_or_sync_f
ifo.gl0.rd/grss.gdc.dc/dc/Mcount_count_xor<9>" (XOR) removed.
    The signal "my_build_snake/my_fifo/Result<9>" is sourceless and has been
removed.
     Sourceless block
"my_build_snake/my_fifo/U0/xst_fifo_generator/gconvfifo.rf/grf.rf/gntv_or_sync_f
ifo.gl0.rd/grss.gdc.dc/dc/count_9" (FF) removed.
The signal
"my_build_snake/my_fifo/U0/xst_fifo_generator/gconvfifo.rf/grf.rf/gntv_or_sync_f
ifo.gl0.rd/grss.gdc.dc/dc/count<8>" is sourceless and has been removed.
 Sourceless block
"my_build_snake/my_fifo/U0/xst_fifo_generator/gconvfifo.rf/grf.rf/gntv_or_sync_f
ifo.gl0.rd/grss.gdc.dc/dc/Mcount_count_cy<8>" (MUX) removed.
  The signal
"my_build_snake/my_fifo/U0/xst_fifo_generator/gconvfifo.rf/grf.rf/gntv_or_sync_f
ifo.gl0.rd/grss.gdc.dc/dc/Mcount_count_cy<8>" is sourceless and has been
removed.
 Sourceless block
"my_build_snake/my_fifo/U0/xst_fifo_generator/gconvfifo.rf/grf.rf/gntv_or_sync_f
ifo.gl0.rd/grss.gdc.dc/dc/Mcount_count_lut<8>" (ROM) removed.
  The signal
"my_build_snake/my_fifo/U0/xst_fifo_generator/gconvfifo.rf/grf.rf/gntv_or_sync_f
ifo.gl0.rd/grss.gdc.dc/dc/Mcount_count_lut<8>" is sourceless and has been
removed.
   Sourceless block
"my_build_snake/my_fifo/U0/xst_fifo_generator/gconvfifo.rf/grf.rf/gntv_or_sync_f
ifo.gl0.rd/grss.gdc.dc/dc/Mcount_count_xor<8>" (XOR) removed.
    The signal "my_build_snake/my_fifo/Result<8>" is sourceless and has been
removed.
     Sourceless block
"my_build_snake/my_fifo/U0/xst_fifo_generator/gconvfifo.rf/grf.rf/gntv_or_sync_f
ifo.gl0.rd/grss.gdc.dc/dc/count_8" (FF) removed.
The signal
"my_build_snake/my_fifo/U0/xst_fifo_generator/gconvfifo.rf/grf.rf/gntv_or_sync_f
ifo.gl0.rd/grss.gdc.dc/dc/count<7>" is sourceless and has been removed.
 Sourceless block
"my_build_snake/my_fifo/U0/xst_fifo_generator/gconvfifo.rf/grf.rf/gntv_or_sync_f
ifo.gl0.rd/grss.gdc.dc/dc/Mcount_count_cy<7>" (MUX) removed.
  The signal
"my_build_snake/my_fifo/U0/xst_fifo_generator/gconvfifo.rf/grf.rf/gntv_or_sync_f
ifo.gl0.rd/grss.gdc.dc/dc/Mcount_count_cy<7>" is sourceless and has been
removed.
 Sourceless block
"my_build_snake/my_fifo/U0/xst_fifo_generator/gconvfifo.rf/grf.rf/gntv_or_sync_f
ifo.gl0.rd/grss.gdc.dc/dc/Mcount_count_lut<7>" (ROM) removed.
  The signal
"my_build_snake/my_fifo/U0/xst_fifo_generator/gconvfifo.rf/grf.rf/gntv_or_sync_f
ifo.gl0.rd/grss.gdc.dc/dc/Mcount_count_lut<7>" is sourceless and has been
removed.
   Sourceless block
"my_build_snake/my_fifo/U0/xst_fifo_generator/gconvfifo.rf/grf.rf/gntv_or_sync_f
ifo.gl0.rd/grss.gdc.dc/dc/Mcount_count_xor<7>" (XOR) removed.
    The signal "my_build_snake/my_fifo/Result<7>" is sourceless and has been
removed.
     Sourceless block
"my_build_snake/my_fifo/U0/xst_fifo_generator/gconvfifo.rf/grf.rf/gntv_or_sync_f
ifo.gl0.rd/grss.gdc.dc/dc/count_7" (FF) removed.
The signal
"my_build_snake/my_fifo/U0/xst_fifo_generator/gconvfifo.rf/grf.rf/gntv_or_sync_f
ifo.gl0.rd/grss.gdc.dc/dc/count<6>" is sourceless and has been removed.
 Sourceless block
"my_build_snake/my_fifo/U0/xst_fifo_generator/gconvfifo.rf/grf.rf/gntv_or_sync_f
ifo.gl0.rd/grss.gdc.dc/dc/Mcount_count_cy<6>" (MUX) removed.
  The signal
"my_build_snake/my_fifo/U0/xst_fifo_generator/gconvfifo.rf/grf.rf/gntv_or_sync_f
ifo.gl0.rd/grss.gdc.dc/dc/Mcount_count_cy<6>" is sourceless and has been
removed.
 Sourceless block
"my_build_snake/my_fifo/U0/xst_fifo_generator/gconvfifo.rf/grf.rf/gntv_or_sync_f
ifo.gl0.rd/grss.gdc.dc/dc/Mcount_count_lut<6>" (ROM) removed.
  The signal
"my_build_snake/my_fifo/U0/xst_fifo_generator/gconvfifo.rf/grf.rf/gntv_or_sync_f
ifo.gl0.rd/grss.gdc.dc/dc/Mcount_count_lut<6>" is sourceless and has been
removed.
   Sourceless block
"my_build_snake/my_fifo/U0/xst_fifo_generator/gconvfifo.rf/grf.rf/gntv_or_sync_f
ifo.gl0.rd/grss.gdc.dc/dc/Mcount_count_xor<6>" (XOR) removed.
    The signal "my_build_snake/my_fifo/Result<6>" is sourceless and has been
removed.
     Sourceless block
"my_build_snake/my_fifo/U0/xst_fifo_generator/gconvfifo.rf/grf.rf/gntv_or_sync_f
ifo.gl0.rd/grss.gdc.dc/dc/count_6" (FF) removed.
The signal
"my_build_snake/my_fifo/U0/xst_fifo_generator/gconvfifo.rf/grf.rf/gntv_or_sync_f
ifo.gl0.rd/grss.gdc.dc/dc/count<5>" is sourceless and has been removed.
 Sourceless block
"my_build_snake/my_fifo/U0/xst_fifo_generator/gconvfifo.rf/grf.rf/gntv_or_sync_f
ifo.gl0.rd/grss.gdc.dc/dc/Mcount_count_cy<5>" (MUX) removed.
  The signal
"my_build_snake/my_fifo/U0/xst_fifo_generator/gconvfifo.rf/grf.rf/gntv_or_sync_f
ifo.gl0.rd/grss.gdc.dc/dc/Mcount_count_cy<5>" is sourceless and has been
removed.
 Sourceless block
"my_build_snake/my_fifo/U0/xst_fifo_generator/gconvfifo.rf/grf.rf/gntv_or_sync_f
ifo.gl0.rd/grss.gdc.dc/dc/Mcount_count_lut<5>" (ROM) removed.
  The signal
"my_build_snake/my_fifo/U0/xst_fifo_generator/gconvfifo.rf/grf.rf/gntv_or_sync_f
ifo.gl0.rd/grss.gdc.dc/dc/Mcount_count_lut<5>" is sourceless and has been
removed.
   Sourceless block
"my_build_snake/my_fifo/U0/xst_fifo_generator/gconvfifo.rf/grf.rf/gntv_or_sync_f
ifo.gl0.rd/grss.gdc.dc/dc/Mcount_count_xor<5>" (XOR) removed.
    The signal "my_build_snake/my_fifo/Result<5>" is sourceless and has been
removed.
     Sourceless block
"my_build_snake/my_fifo/U0/xst_fifo_generator/gconvfifo.rf/grf.rf/gntv_or_sync_f
ifo.gl0.rd/grss.gdc.dc/dc/count_5" (FF) removed.
The signal
"my_build_snake/my_fifo/U0/xst_fifo_generator/gconvfifo.rf/grf.rf/gntv_or_sync_f
ifo.gl0.rd/grss.gdc.dc/dc/count<4>" is sourceless and has been removed.
 Sourceless block
"my_build_snake/my_fifo/U0/xst_fifo_generator/gconvfifo.rf/grf.rf/gntv_or_sync_f
ifo.gl0.rd/grss.gdc.dc/dc/Mcount_count_cy<4>" (MUX) removed.
  The signal
"my_build_snake/my_fifo/U0/xst_fifo_generator/gconvfifo.rf/grf.rf/gntv_or_sync_f
ifo.gl0.rd/grss.gdc.dc/dc/Mcount_count_cy<4>" is sourceless and has been
removed.
 Sourceless block
"my_build_snake/my_fifo/U0/xst_fifo_generator/gconvfifo.rf/grf.rf/gntv_or_sync_f
ifo.gl0.rd/grss.gdc.dc/dc/Mcount_count_lut<4>" (ROM) removed.
  The signal
"my_build_snake/my_fifo/U0/xst_fifo_generator/gconvfifo.rf/grf.rf/gntv_or_sync_f
ifo.gl0.rd/grss.gdc.dc/dc/Mcount_count_lut<4>" is sourceless and has been
removed.
   Sourceless block
"my_build_snake/my_fifo/U0/xst_fifo_generator/gconvfifo.rf/grf.rf/gntv_or_sync_f
ifo.gl0.rd/grss.gdc.dc/dc/Mcount_count_xor<4>" (XOR) removed.
    The signal "my_build_snake/my_fifo/Result<4>" is sourceless and has been
removed.
     Sourceless block
"my_build_snake/my_fifo/U0/xst_fifo_generator/gconvfifo.rf/grf.rf/gntv_or_sync_f
ifo.gl0.rd/grss.gdc.dc/dc/count_4" (FF) removed.
The signal
"my_build_snake/my_fifo/U0/xst_fifo_generator/gconvfifo.rf/grf.rf/gntv_or_sync_f
ifo.gl0.rd/grss.gdc.dc/dc/count<3>" is sourceless and has been removed.
 Sourceless block
"my_build_snake/my_fifo/U0/xst_fifo_generator/gconvfifo.rf/grf.rf/gntv_or_sync_f
ifo.gl0.rd/grss.gdc.dc/dc/Mcount_count_cy<3>" (MUX) removed.
  The signal
"my_build_snake/my_fifo/U0/xst_fifo_generator/gconvfifo.rf/grf.rf/gntv_or_sync_f
ifo.gl0.rd/grss.gdc.dc/dc/Mcount_count_cy<3>" is sourceless and has been
removed.
 Sourceless block
"my_build_snake/my_fifo/U0/xst_fifo_generator/gconvfifo.rf/grf.rf/gntv_or_sync_f
ifo.gl0.rd/grss.gdc.dc/dc/Mcount_count_lut<3>" (ROM) removed.
  The signal
"my_build_snake/my_fifo/U0/xst_fifo_generator/gconvfifo.rf/grf.rf/gntv_or_sync_f
ifo.gl0.rd/grss.gdc.dc/dc/Mcount_count_lut<3>" is sourceless and has been
removed.
   Sourceless block
"my_build_snake/my_fifo/U0/xst_fifo_generator/gconvfifo.rf/grf.rf/gntv_or_sync_f
ifo.gl0.rd/grss.gdc.dc/dc/Mcount_count_xor<3>" (XOR) removed.
    The signal "my_build_snake/my_fifo/Result<3>" is sourceless and has been
removed.
     Sourceless block
"my_build_snake/my_fifo/U0/xst_fifo_generator/gconvfifo.rf/grf.rf/gntv_or_sync_f
ifo.gl0.rd/grss.gdc.dc/dc/count_3" (FF) removed.
The signal
"my_build_snake/my_fifo/U0/xst_fifo_generator/gconvfifo.rf/grf.rf/gntv_or_sync_f
ifo.gl0.rd/grss.gdc.dc/dc/count<2>" is sourceless and has been removed.
 Sourceless block
"my_build_snake/my_fifo/U0/xst_fifo_generator/gconvfifo.rf/grf.rf/gntv_or_sync_f
ifo.gl0.rd/grss.gdc.dc/dc/Mcount_count_cy<2>" (MUX) removed.
  The signal
"my_build_snake/my_fifo/U0/xst_fifo_generator/gconvfifo.rf/grf.rf/gntv_or_sync_f
ifo.gl0.rd/grss.gdc.dc/dc/Mcount_count_cy<2>" is sourceless and has been
removed.
 Sourceless block
"my_build_snake/my_fifo/U0/xst_fifo_generator/gconvfifo.rf/grf.rf/gntv_or_sync_f
ifo.gl0.rd/grss.gdc.dc/dc/Mcount_count_lut<2>" (ROM) removed.
  The signal
"my_build_snake/my_fifo/U0/xst_fifo_generator/gconvfifo.rf/grf.rf/gntv_or_sync_f
ifo.gl0.rd/grss.gdc.dc/dc/Mcount_count_lut<2>" is sourceless and has been
removed.
   Sourceless block
"my_build_snake/my_fifo/U0/xst_fifo_generator/gconvfifo.rf/grf.rf/gntv_or_sync_f
ifo.gl0.rd/grss.gdc.dc/dc/Mcount_count_xor<2>" (XOR) removed.
    The signal "my_build_snake/my_fifo/Result<2>" is sourceless and has been
removed.
     Sourceless block
"my_build_snake/my_fifo/U0/xst_fifo_generator/gconvfifo.rf/grf.rf/gntv_or_sync_f
ifo.gl0.rd/grss.gdc.dc/dc/count_2" (FF) removed.
The signal
"my_build_snake/my_fifo/U0/xst_fifo_generator/gconvfifo.rf/grf.rf/gntv_or_sync_f
ifo.gl0.rd/grss.gdc.dc/dc/count<1>" is sourceless and has been removed.
 Sourceless block
"my_build_snake/my_fifo/U0/xst_fifo_generator/gconvfifo.rf/grf.rf/gntv_or_sync_f
ifo.gl0.rd/grss.gdc.dc/dc/Mcount_count_cy<1>" (MUX) removed.
  The signal
"my_build_snake/my_fifo/U0/xst_fifo_generator/gconvfifo.rf/grf.rf/gntv_or_sync_f
ifo.gl0.rd/grss.gdc.dc/dc/Mcount_count_cy<1>" is sourceless and has been
removed.
 Sourceless block
"my_build_snake/my_fifo/U0/xst_fifo_generator/gconvfifo.rf/grf.rf/gntv_or_sync_f
ifo.gl0.rd/grss.gdc.dc/dc/Mcount_count_lut<1>" (ROM) removed.
  The signal
"my_build_snake/my_fifo/U0/xst_fifo_generator/gconvfifo.rf/grf.rf/gntv_or_sync_f
ifo.gl0.rd/grss.gdc.dc/dc/Mcount_count_lut<1>" is sourceless and has been
removed.
   Sourceless block
"my_build_snake/my_fifo/U0/xst_fifo_generator/gconvfifo.rf/grf.rf/gntv_or_sync_f
ifo.gl0.rd/grss.gdc.dc/dc/Mcount_count_xor<1>" (XOR) removed.
    The signal "my_build_snake/my_fifo/Result<1>" is sourceless and has been
removed.
     Sourceless block
"my_build_snake/my_fifo/U0/xst_fifo_generator/gconvfifo.rf/grf.rf/gntv_or_sync_f
ifo.gl0.rd/grss.gdc.dc/dc/count_1" (FF) removed.
The signal
"my_build_snake/my_fifo/U0/xst_fifo_generator/gconvfifo.rf/grf.rf/gntv_or_sync_f
ifo.gl0.rd/grss.gdc.dc/dc/count<0>" is sourceless and has been removed.
 Sourceless block
"my_build_snake/my_fifo/U0/xst_fifo_generator/gconvfifo.rf/grf.rf/gntv_or_sync_f
ifo.gl0.rd/grss.gdc.dc/dc/Mcount_count_cy<0>" (MUX) removed.
  The signal
"my_build_snake/my_fifo/U0/xst_fifo_generator/gconvfifo.rf/grf.rf/gntv_or_sync_f
ifo.gl0.rd/grss.gdc.dc/dc/Mcount_count_cy<0>" is sourceless and has been
removed.
 Sourceless block
"my_build_snake/my_fifo/U0/xst_fifo_generator/gconvfifo.rf/grf.rf/gntv_or_sync_f
ifo.gl0.rd/grss.gdc.dc/dc/Mcount_count_lut<0>" (ROM) removed.
  The signal
"my_build_snake/my_fifo/U0/xst_fifo_generator/gconvfifo.rf/grf.rf/gntv_or_sync_f
ifo.gl0.rd/grss.gdc.dc/dc/Mcount_count_lut<0>" is sourceless and has been
removed.
   Sourceless block
"my_build_snake/my_fifo/U0/xst_fifo_generator/gconvfifo.rf/grf.rf/gntv_or_sync_f
ifo.gl0.rd/grss.gdc.dc/dc/Mcount_count_xor<0>" (XOR) removed.
    The signal "my_build_snake/my_fifo/Result<0>" is sourceless and has been
removed.
     Sourceless block
"my_build_snake/my_fifo/U0/xst_fifo_generator/gconvfifo.rf/grf.rf/gntv_or_sync_f
ifo.gl0.rd/grss.gdc.dc/dc/count_0" (FF) removed.
The signal
"my_build_snake/my_fifo/U0/xst_fifo_generator/gconvfifo.rf/grf.rf/gntv_or_sync_f
ifo.gl0.wr/gwss.wsts/ram_full_i" is sourceless and has been removed.
The signal
"my_build_snake/my_fifo/U0/xst_fifo_generator/gconvfifo.rf/grf.rf/gntv_or_sync_f
ifo.gl0.rd/grss.rsts/ram_empty_i" is sourceless and has been removed.
The signal
"my_build_snake/my_fifo/U0/xst_fifo_generator/gconvfifo.rf/grf.rf/gntv_or_sync_f
ifo.gl0.rd/grss.gdc.dc/cntr_en" is sourceless and has been removed.
The signal
"my_build_snake/my_fifo/U0/xst_fifo_generator/gconvfifo.rf/grf.rf/gntv_or_sync_f
ifo.gl0.rd/grss.gdc.dc/dc/UP_DOWN_INV_7_o_inv2" is sourceless and has been
removed.
Unused block
"my_build_snake/my_fifo/U0/xst_fifo_generator/gconvfifo.rf/grf.rf/gntv_or_sync_f
ifo.gl0.rd/grss.gdc.dc/Mxor_cntr_en_xo<0>1" (ROM) removed.
Unused block
"my_build_snake/my_fifo/U0/xst_fifo_generator/gconvfifo.rf/grf.rf/gntv_or_sync_f
ifo.gl0.rd/grss.gdc.dc/dc/UP_DOWN_INV_7_o_inv2_1" (ROM) removed.
Unused block
"my_build_snake/my_fifo/U0/xst_fifo_generator/gconvfifo.rf/grf.rf/gntv_or_sync_f
ifo.gl0.rd/grss.rsts/ram_empty_i" (FF) removed.
Unused block
"my_build_snake/my_fifo/U0/xst_fifo_generator/gconvfifo.rf/grf.rf/gntv_or_sync_f
ifo.gl0.wr/gwss.wsts/ram_full_i" (FF) removed.

Optimized Block(s):
TYPE 		BLOCK
GND 		XST_GND
VCC 		XST_VCC
GND
		my_build_snake/my_fifo/U0/xst_fifo_generator/gconvfifo.rf/grf.rf/gntv_or_sync_
fifo.mem/gbm.gbmg.gbmga.ngecc.bmg/gnativebmg.native_blk_mem_gen/valid.cstr/XST_G
ND
GND 		my_build_snake/my_fifo/XST_GND
VCC 		my_build_snake/my_fifo/XST_VCC

To enable printing of redundant blocks removed and signals merged, set the
detailed map report option and rerun map.

Section 6 - IOB Properties
--------------------------

+---------------------------------------------------------------------------------------------------------------------------------------------------------+
| IOB Name                           | Type             | Direction | IO Standard          | Diff  | Drive    | Slew | Reg (s)      | Resistor | IOB      |
|                                    |                  |           |                      | Term  | Strength | Rate |              |          | Delay    |
+---------------------------------------------------------------------------------------------------------------------------------------------------------+
| b<0>                               | IOB              | OUTPUT    | LVCMOS33             |       | 12       | SLOW |              |          |          |
| b<1>                               | IOB              | OUTPUT    | LVCMOS33             |       | 12       | SLOW |              |          |          |
| b<2>                               | IOB              | OUTPUT    | LVCMOS33             |       | 12       | SLOW |              |          |          |
| b<3>                               | IOB              | OUTPUT    | LVCMOS33             |       | 12       | SLOW |              |          |          |
| b<4>                               | IOB              | OUTPUT    | LVCMOS33             |       | 12       | SLOW |              |          |          |
| b<5>                               | IOB              | OUTPUT    | LVCMOS33             |       | 12       | SLOW |              |          |          |
| b<6>                               | IOB              | OUTPUT    | LVCMOS33             |       | 12       | SLOW |              |          |          |
| b<7>                               | IOB              | OUTPUT    | LVCMOS33             |       | 12       | SLOW |              |          |          |
| clk_LCD                            | IOB              | OUTPUT    | LVCMOS33             |       | 12       | SLOW | ODDR         |          |          |
| clk_in                             | IOB              | INPUT     | LVCMOS33             |       |          |      |              |          |          |
| de                                 | IOB              | OUTPUT    | LVCMOS33             |       | 12       | SLOW |              |          |          |
| g<0>                               | IOB              | OUTPUT    | LVCMOS33             |       | 12       | SLOW |              |          |          |
| g<1>                               | IOB              | OUTPUT    | LVCMOS33             |       | 12       | SLOW |              |          |          |
| g<2>                               | IOB              | OUTPUT    | LVCMOS33             |       | 12       | SLOW |              |          |          |
| g<3>                               | IOB              | OUTPUT    | LVCMOS33             |       | 12       | SLOW |              |          |          |
| g<4>                               | IOB              | OUTPUT    | LVCMOS33             |       | 12       | SLOW |              |          |          |
| g<5>                               | IOB              | OUTPUT    | LVCMOS33             |       | 12       | SLOW |              |          |          |
| g<6>                               | IOB              | OUTPUT    | LVCMOS33             |       | 12       | SLOW |              |          |          |
| g<7>                               | IOB              | OUTPUT    | LVCMOS33             |       | 12       | SLOW |              |          |          |
| h_sync                             | IOB              | OUTPUT    | LVCMOS33             |       | 12       | SLOW |              |          |          |
| key1                               | IOB              | INPUT     | LVCMOS33             |       |          |      |              |          |          |
| key2                               | IOB              | INPUT     | LVCMOS33             |       |          |      |              |          |          |
| r<0>                               | IOB              | OUTPUT    | LVCMOS33             |       | 12       | SLOW |              |          |          |
| r<1>                               | IOB              | OUTPUT    | LVCMOS33             |       | 12       | SLOW |              |          |          |
| r<2>                               | IOB              | OUTPUT    | LVCMOS33             |       | 12       | SLOW |              |          |          |
| r<3>                               | IOB              | OUTPUT    | LVCMOS33             |       | 12       | SLOW |              |          |          |
| r<4>                               | IOB              | OUTPUT    | LVCMOS33             |       | 12       | SLOW |              |          |          |
| r<5>                               | IOB              | OUTPUT    | LVCMOS33             |       | 12       | SLOW |              |          |          |
| r<6>                               | IOB              | OUTPUT    | LVCMOS33             |       | 12       | SLOW |              |          |          |
| r<7>                               | IOB              | OUTPUT    | LVCMOS33             |       | 12       | SLOW |              |          |          |
| rst                                | IOB              | INPUT     | LVCMOS33             |       |          |      |              |          |          |
| v_sync                             | IOB              | OUTPUT    | LVCMOS33             |       | 12       | SLOW |              |          |          |
+---------------------------------------------------------------------------------------------------------------------------------------------------------+

Section 7 - RPMs
----------------

Section 8 - Guide Report
------------------------
Guide not run on this design.

Section 9 - Area Group and Partition Summary
--------------------------------------------

Partition Implementation Status
-------------------------------

  No Partitions were found in this design.

-------------------------------

Area Group Information
----------------------

  No area groups were found in this design.

----------------------

Section 10 - Timing Report
--------------------------
A logic-level (pre-route) timing report can be generated by using Xilinx static
timing analysis tools, Timing Analyzer (GUI) or TRCE (command line), with the
mapped NCD and PCF files. Please note that this timing report will be generated
using estimated delay information. For accurate numbers, please generate a
timing report with the post Place and Route NCD file.

For more information about the Timing Analyzer, consult the Xilinx Timing
Analyzer Reference Manual; for more information about TRCE, consult the Xilinx
Command Line Tools User Guide "TRACE" chapter.

Section 11 - Configuration String Details
-----------------------------------------
Use the "-detail" map option to print out Configuration Strings

Section 12 - Control Set Information
------------------------------------
Use the "-detail" map option to print out Control Set Information.

Section 13 - Utilization by Hierarchy
-------------------------------------
Use the "-detail" map option to print out the Utilization by Hierarchy section.
