Release 14.7 - ngc2edif P.20131013 (nt64)
Copyright (c) 1995-2013 Xilinx, Inc.  All rights reserved.
Reading design top_LCD.ngc ...
WARNING:NetListWriters:298 - No output is written to top_LCD.xncf, ignored.
Processing design ...
   Preping design's networks ...
   Preping design's macros ...
  finished :Prep
Writing EDIF netlist file top_LCD.edif ...
ngc2edif: Total memory usage is 80660 kilobytes

Release 14.7 - ngc2edif P.20131013 (nt64)
Copyright (c) 1995-2013 Xilinx, Inc.  All rights reserved.
Reading design top_LCD.ngc ...
WARNING:NetListWriters:298 - No output is written to top_LCD.xncf, ignored.
Processing design ...
   Preping design's networks ...
   Preping design's macros ...
  finished :Prep
Writing EDIF netlist file top_LCD.edif ...
ngc2edif: Total memory usage is 80532 kilobytes

Release 14.7 - ngc2edif P.20131013 (nt64)
Copyright (c) 1995-2013 Xilinx, Inc.  All rights reserved.
Reading design top_LCD.ngc ...
WARNING:NetListWriters:298 - No output is written to top_LCD.xncf, ignored.
Processing design ...
   Preping design's networks ...
   Preping design's macros ...
  finished :Prep
Writing EDIF netlist file top_LCD.edif ...
ngc2edif: Total memory usage is 80468 kilobytes

Release 14.7 - ngc2edif P.20131013 (nt64)
Copyright (c) 1995-2013 Xilinx, Inc.  All rights reserved.
Reading design top_LCD.ngc ...
WARNING:NetListWriters:298 - No output is written to top_LCD.xncf, ignored.
Processing design ...
   Preping design's networks ...
   Preping design's macros ...
  finished :Prep
Writing EDIF netlist file top_LCD.edif ...
ngc2edif: Total memory usage is 80660 kilobytes

Release 14.7 - ngc2edif P.20131013 (nt64)
Copyright (c) 1995-2013 Xilinx, Inc.  All rights reserved.
Reading design top_LCD.ngc ...
WARNING:NetListWriters:298 - No output is written to top_LCD.xncf, ignored.
Processing design ...
   Preping design's networks ...
   Preping design's macros ...
  finished :Prep
Writing EDIF netlist file top_LCD.edif ...
ngc2edif: Total memory usage is 80916 kilobytes

Release 14.7 - ngc2edif P.20131013 (nt64)
Copyright (c) 1995-2013 Xilinx, Inc.  All rights reserved.
Reading design top_LCD.ngc ...
WARNING:NetListWriters:298 - No output is written to top_LCD.xncf, ignored.
Processing design ...
   Preping design's networks ...
   Preping design's macros ...
  finished :Prep
Writing EDIF netlist file top_LCD.edif ...
ngc2edif: Total memory usage is 80660 kilobytes

Release 14.7 - ngc2edif P.20131013 (nt64)
Copyright (c) 1995-2013 Xilinx, Inc.  All rights reserved.
Reading design top_LCD.ngc ...
WARNING:NetListWriters:298 - No output is written to top_LCD.xncf, ignored.
Processing design ...
   Preping design's networks ...
   Preping design's macros ...
  finished :Prep
Writing EDIF netlist file top_LCD.edif ...
ngc2edif: Total memory usage is 80660 kilobytes

Release 14.7 - ngc2edif P.20131013 (nt64)
Copyright (c) 1995-2013 Xilinx, Inc.  All rights reserved.
Reading design top_LCD.ngc ...
WARNING:NetListWriters:298 - No output is written to top_LCD.xncf, ignored.
Processing design ...
   Preping design's networks ...
   Preping design's macros ...
  finished :Prep
Writing EDIF netlist file top_LCD.edif ...
ngc2edif: Total memory usage is 81108 kilobytes

Release 14.7 - ngc2edif P.20131013 (nt64)
Copyright (c) 1995-2013 Xilinx, Inc.  All rights reserved.
Reading design top_LCD.ngc ...
WARNING:NetListWriters:298 - No output is written to top_LCD.xncf, ignored.
Processing design ...
   Preping design's networks ...
   Preping design's macros ...
  finished :Prep
Writing EDIF netlist file top_LCD.edif ...
ngc2edif: Total memory usage is 80532 kilobytes

Release 14.7 - ngc2edif P.20131013 (nt64)
Copyright (c) 1995-2013 Xilinx, Inc.  All rights reserved.
Reading design top_LCD.ngc ...
WARNING:NetListWriters:298 - No output is written to top_LCD.xncf, ignored.
Processing design ...
   Preping design's networks ...
   Preping design's macros ...
  finished :Prep
Writing EDIF netlist file top_LCD.edif ...
ngc2edif: Total memory usage is 80660 kilobytes

Release 14.7 - ngc2edif P.20131013 (nt64)
Copyright (c) 1995-2013 Xilinx, Inc.  All rights reserved.
Reading design top_LCD.ngc ...
WARNING:NetListWriters:298 - No output is written to top_LCD.xncf, ignored.
Processing design ...
   Preping design's networks ...
   Preping design's macros ...
WARNING:NetListWriters:306 - Signal bus hv_position1/Msub_x_pos_cy<7 : 2> on
   block top_LCD is not reconstructed, because there are some missing bus
   signals.
  finished :Prep
Writing EDIF netlist file top_LCD.edif ...
ngc2edif: Total memory usage is 266964 kilobytes

Release 14.7 - ngc2edif P.20131013 (nt64)
Copyright (c) 1995-2013 Xilinx, Inc.  All rights reserved.
Reading design top_LCD.ngc ...
WARNING:NetListWriters:298 - No output is written to top_LCD.xncf, ignored.
Processing design ...
   Preping design's networks ...
   Preping design's macros ...
  finished :Prep
Writing EDIF netlist file top_LCD.edif ...
ngc2edif: Total memory usage is 82708 kilobytes

Release 14.7 - ngc2edif P.20131013 (nt64)
Copyright (c) 1995-2013 Xilinx, Inc.  All rights reserved.
Reading design ram2.ngc ...
WARNING:NetListWriters:298 - No output is written to ram2.xncf, ignored.
Processing design ...
   Preping design's networks ...
   Preping design's macros ...
  finished :Prep
Writing EDIF netlist file ram2.edif ...
ngc2edif: Total memory usage is 80660 kilobytes

Release 14.7 - ngc2edif P.20131013 (nt64)
Copyright (c) 1995-2013 Xilinx, Inc.  All rights reserved.
Reading design fifo.ngc ...
WARNING:NetListWriters:298 - No output is written to fifo.xncf, ignored.
Processing design ...
   Preping design's networks ...
   Preping design's macros ...
  finished :Prep
Writing EDIF netlist file fifo.edif ...
ngc2edif: Total memory usage is 80340 kilobytes

Release 14.7 - ngc2edif P.20131013 (nt64)
Copyright (c) 1995-2013 Xilinx, Inc.  All rights reserved.
Reading design top_LCD.ngc ...
WARNING:NetListWriters:298 - No output is written to top_LCD.xncf, ignored.
Processing design ...
   Preping design's networks ...
   Preping design's macros ...
  finished :Prep
Writing EDIF netlist file top_LCD.edif ...
ngc2edif: Total memory usage is 82388 kilobytes

Release 14.7 - ngc2edif P.20131013 (nt64)
Copyright (c) 1995-2013 Xilinx, Inc.  All rights reserved.
Reading design ram2.ngc ...
WARNING:NetListWriters:298 - No output is written to ram2.xncf, ignored.
Processing design ...
   Preping design's networks ...
   Preping design's macros ...
  finished :Prep
Writing EDIF netlist file ram2.edif ...
ngc2edif: Total memory usage is 80468 kilobytes

Release 14.7 - ngc2edif P.20131013 (nt64)
Copyright (c) 1995-2013 Xilinx, Inc.  All rights reserved.
Reading design fifo.ngc ...
WARNING:NetListWriters:298 - No output is written to fifo.xncf, ignored.
Processing design ...
   Preping design's networks ...
   Preping design's macros ...
  finished :Prep
Writing EDIF netlist file fifo.edif ...
ngc2edif: Total memory usage is 80724 kilobytes

Release 14.7 - ngc2edif P.20131013 (nt64)
Copyright (c) 1995-2013 Xilinx, Inc.  All rights reserved.
Reading design top_LCD.ngc ...
WARNING:NetListWriters:298 - No output is written to top_LCD.xncf, ignored.
Processing design ...
   Preping design's networks ...
   Preping design's macros ...
  finished :Prep
Writing EDIF netlist file top_LCD.edif ...
ngc2edif: Total memory usage is 82260 kilobytes

Release 14.7 - ngc2edif P.20131013 (nt64)
Copyright (c) 1995-2013 Xilinx, Inc.  All rights reserved.
Reading design ram2.ngc ...
WARNING:NetListWriters:298 - No output is written to ram2.xncf, ignored.
Processing design ...
   Preping design's networks ...
   Preping design's macros ...
  finished :Prep
Writing EDIF netlist file ram2.edif ...
ngc2edif: Total memory usage is 80404 kilobytes

Release 14.7 - ngc2edif P.20131013 (nt64)
Copyright (c) 1995-2013 Xilinx, Inc.  All rights reserved.
Reading design fifo.ngc ...
WARNING:NetListWriters:298 - No output is written to fifo.xncf, ignored.
Processing design ...
   Preping design's networks ...
   Preping design's macros ...
  finished :Prep
Writing EDIF netlist file fifo.edif ...
ngc2edif: Total memory usage is 80596 kilobytes

Release 14.7 - ngc2edif P.20131013 (nt64)
Copyright (c) 1995-2013 Xilinx, Inc.  All rights reserved.
Reading design top_LCD.ngc ...
WARNING:NetListWriters:298 - No output is written to top_LCD.xncf, ignored.
Processing design ...
   Preping design's networks ...
   Preping design's macros ...
  finished :Prep
Writing EDIF netlist file top_LCD.edif ...
ngc2edif: Total memory usage is 82708 kilobytes

Release 14.7 - ngc2edif P.20131013 (nt64)
Copyright (c) 1995-2013 Xilinx, Inc.  All rights reserved.
Reading design ram2.ngc ...
WARNING:NetListWriters:298 - No output is written to ram2.xncf, ignored.
Processing design ...
   Preping design's networks ...
   Preping design's macros ...
  finished :Prep
Writing EDIF netlist file ram2.edif ...
ngc2edif: Total memory usage is 80532 kilobytes

Release 14.7 - ngc2edif P.20131013 (nt64)
Copyright (c) 1995-2013 Xilinx, Inc.  All rights reserved.
Reading design fifo.ngc ...
WARNING:NetListWriters:298 - No output is written to fifo.xncf, ignored.
Processing design ...
   Preping design's networks ...
   Preping design's macros ...
  finished :Prep
Writing EDIF netlist file fifo.edif ...
ngc2edif: Total memory usage is 80660 kilobytes

Release 14.7 - ngc2edif P.20131013 (nt64)
Copyright (c) 1995-2013 Xilinx, Inc.  All rights reserved.
Reading design top_LCD.ngc ...
WARNING:NetListWriters:298 - No output is written to top_LCD.xncf, ignored.
Processing design ...
   Preping design's networks ...
   Preping design's macros ...
  finished :Prep
Writing EDIF netlist file top_LCD.edif ...
ngc2edif: Total memory usage is 82452 kilobytes

Release 14.7 - ngc2edif P.20131013 (nt64)
Copyright (c) 1995-2013 Xilinx, Inc.  All rights reserved.
Reading design ram2.ngc ...
WARNING:NetListWriters:298 - No output is written to ram2.xncf, ignored.
Processing design ...
   Preping design's networks ...
   Preping design's macros ...
  finished :Prep
Writing EDIF netlist file ram2.edif ...
ngc2edif: Total memory usage is 80852 kilobytes

Release 14.7 - ngc2edif P.20131013 (nt64)
Copyright (c) 1995-2013 Xilinx, Inc.  All rights reserved.
Reading design fifo.ngc ...
WARNING:NetListWriters:298 - No output is written to fifo.xncf, ignored.
Processing design ...
   Preping design's networks ...
   Preping design's macros ...
  finished :Prep
Writing EDIF netlist file fifo.edif ...
ngc2edif: Total memory usage is 80660 kilobytes

Release 14.7 - ngc2edif P.20131013 (nt64)
Copyright (c) 1995-2013 Xilinx, Inc.  All rights reserved.
Reading design top_LCD.ngc ...
WARNING:NetListWriters:298 - No output is written to top_LCD.xncf, ignored.
Processing design ...
   Preping design's networks ...
   Preping design's macros ...
  finished :Prep
Writing EDIF netlist file top_LCD.edif ...
ngc2edif: Total memory usage is 82708 kilobytes

Release 14.7 - ngc2edif P.20131013 (nt64)
Copyright (c) 1995-2013 Xilinx, Inc.  All rights reserved.
Reading design ram2.ngc ...
WARNING:NetListWriters:298 - No output is written to ram2.xncf, ignored.
Processing design ...
   Preping design's networks ...
   Preping design's macros ...
  finished :Prep
Writing EDIF netlist file ram2.edif ...
ngc2edif: Total memory usage is 80660 kilobytes

Release 14.7 - ngc2edif P.20131013 (nt64)
Copyright (c) 1995-2013 Xilinx, Inc.  All rights reserved.
Reading design fifo.ngc ...
WARNING:NetListWriters:298 - No output is written to fifo.xncf, ignored.
Processing design ...
   Preping design's networks ...
   Preping design's macros ...
  finished :Prep
Writing EDIF netlist file fifo.edif ...
ngc2edif: Total memory usage is 80660 kilobytes

Release 14.7 - ngc2edif P.20131013 (nt64)
Copyright (c) 1995-2013 Xilinx, Inc.  All rights reserved.
Reading design top_LCD.ngc ...
WARNING:NetListWriters:298 - No output is written to top_LCD.xncf, ignored.
Processing design ...
   Preping design's networks ...
   Preping design's macros ...
  finished :Prep
Writing EDIF netlist file top_LCD.edif ...
ngc2edif: Total memory usage is 82324 kilobytes

Release 14.7 - ngc2edif P.20131013 (nt64)
Copyright (c) 1995-2013 Xilinx, Inc.  All rights reserved.
Reading design fifo.ngc ...
WARNING:NetListWriters:298 - No output is written to fifo.xncf, ignored.
Processing design ...
   Preping design's networks ...
   Preping design's macros ...
  finished :Prep
Writing EDIF netlist file fifo.edif ...
ngc2edif: Total memory usage is 80660 kilobytes

